<?xml version="1.0" encoding="UTF-8"?>
<!-- Generated by org.testng.reporters.JUnitXMLReporter -->
<testsuite ignored="0" hostname="VinuthaLalith" failures="0" tests="1" name="Test-Runner-edge" time="40.06" errors="0" timestamp="2023-06-02T10:35:19 GMT-04:00">
  <testcase classname="vtiger.OrganisationTests.CreateOrganisationWithIndustryTests" name="createOrgWithIndusTest" time="19.173"/>
</testsuite> <!-- Test-Runner-edge -->
