<?xml version="1.0" encoding="UTF-8"?>
<!-- Generated by org.testng.reporters.JUnitXMLReporter -->
<testsuite ignored="0" hostname="VinuthaLalith" failures="0" tests="1" name="Test-Runner-2" time="44.48" errors="0" timestamp="2023-06-02T10:05:48 GMT-04:00">
  <testcase classname="vtiger.ContactsTests.CreateContactTest" name="createContTest" time="26.763"/>
</testsuite> <!-- Test-Runner-2 -->
