<?xml version="1.0" encoding="UTF-8"?>
<!-- Generated by org.testng.reporters.JUnitXMLReporter -->
<testsuite ignored="0" hostname="VinuthaLalith" failures="0" tests="1" name="Test-Runner-1" time="44.54" errors="0" timestamp="2023-06-02T10:05:48 GMT-04:00">
  <testcase classname="vtiger.OrganisationTests.CreateOrganisationTests" name="createOrgTest" time="26.706"/>
</testsuite> <!-- Test-Runner-1 -->
