<?xml version="1.0" encoding="UTF-8"?>
<!-- Generated by org.testng.reporters.JUnitReportReporter -->
<testsuite hostname="VinuthaLalith" failures="0" tests="1" name="vtiger.Practice.AssertionsPractice" time="0.017" errors="0" timestamp="2023-05-31T10:40:54 GMT-04:00" skipped="0">
  <testcase classname="vtiger.Practice.AssertionsPractice" name="test1" time="0.017"/>
  <system-out/>
</testsuite> <!-- vtiger.Practice.AssertionsPractice -->
