<?xml version="1.0" encoding="UTF-8"?>
<!-- Generated by org.testng.reporters.JUnitReportReporter -->
<testsuite hostname="VinuthaLalith" failures="0" tests="1" name="vtiger.OrganisationTests.CreateOrganisationTests" time="54.603" errors="0" timestamp="2023-06-07T11:45:27 GMT-04:00" skipped="0">
  <testcase classname="vtiger.OrganisationTests.CreateOrganisationTests" name="createOrgTest" time="54.603"/>
  <system-out/>
</testsuite> <!-- vtiger.OrganisationTests.CreateOrganisationTests -->
