<?xml version="1.0" encoding="UTF-8"?>
<!-- Generated by org.testng.reporters.JUnitReportReporter -->
<testsuite hostname="VinuthaLalith" failures="0" tests="5" name="vtiger.OrganisationTests.CreateMultipleOrgWithInduTest" time="49.589" errors="0" timestamp="2023-06-01T09:12:59 GMT-04:00" skipped="0">
  <testcase classname="vtiger.OrganisationTests.CreateMultipleOrgWithInduTest" name="createOrgTest" time="10.231"/>
  <system-out/>
  <testcase classname="vtiger.OrganisationTests.CreateMultipleOrgWithInduTest" name="createOrgTest" time="9.721"/>
  <system-out/>
  <testcase classname="vtiger.OrganisationTests.CreateMultipleOrgWithInduTest" name="createOrgTest" time="10.026"/>
  <system-out/>
  <testcase classname="vtiger.OrganisationTests.CreateMultipleOrgWithInduTest" name="createOrgTest" time="9.959"/>
  <system-out/>
  <testcase classname="vtiger.OrganisationTests.CreateMultipleOrgWithInduTest" name="createOrgTest" time="9.652"/>
  <system-out/>
</testsuite> <!-- vtiger.OrganisationTests.CreateMultipleOrgWithInduTest -->
