<?xml version="1.0" encoding="UTF-8"?>
<!-- Generated by org.testng.reporters.JUnitReportReporter -->
<testsuite hostname="VinuthaLalith" failures="0" tests="1" name="vtiger.ContactsTests.CreateContactTest" time="9.777" errors="0" timestamp="2023-06-06T09:26:15 GMT-04:00" skipped="0">
  <testcase classname="vtiger.ContactsTests.CreateContactTest" name="createContTest" time="9.777"/>
  <system-out/>
</testsuite> <!-- vtiger.ContactsTests.CreateContactTest -->
