<?xml version="1.0" encoding="UTF-8"?>
<!-- Generated by org.testng.reporters.JUnitReportReporter -->
<testsuite hostname="VinuthaLalith" failures="0" tests="4" name="vtiger.Practice.TestNGPractice2" time="0.011" errors="0" timestamp="2023-05-26T11:01:38 GMT-04:00" skipped="1">
  <testcase classname="vtiger.Practice.TestNGPractice2" name="modify" time="0.001"/>
  <system-out/>
  <testcase classname="vtiger.Practice.TestNGPractice2" name="modify" time="0.001"/>
  <system-out/>
  <testcase classname="vtiger.Practice.TestNGPractice2" name="modify" time="0.009"/>
  <system-out/>
  <testcase classname="vtiger.Practice.TestNGPractice2" name="delete">
    <skipped/>
  </testcase> <!-- delete -->
  <system-out/>
</testsuite> <!-- vtiger.Practice.TestNGPractice2 -->
