<?xml version="1.0" encoding="UTF-8"?>
<!-- Generated by org.testng.reporters.JUnitReportReporter -->
<testsuite hostname="VinuthaLalith" failures="0" tests="2" name="vtiger.Practice.TestNGPractice" time="0.017" errors="0" timestamp="2023-05-26T10:32:44 GMT-04:00" skipped="0">
  <testcase classname="vtiger.Practice.TestNGPractice" name="sample2" time="0.015"/>
  <system-out/>
  <testcase classname="vtiger.Practice.TestNGPractice" name="sampleTest" time="0.002"/>
  <system-out/>
</testsuite> <!-- vtiger.Practice.TestNGPractice -->
