<?xml version="1.0" encoding="UTF-8"?>
<!-- Generated by org.testng.reporters.JUnitReportReporter -->
<testsuite hostname="VinuthaLalith" failures="0" tests="1" name="vtiger.ProductsTests.CreateNewProductWithVendor" time="32.762" errors="0" timestamp="2023-06-01T05:36:11 GMT-04:00" skipped="0">
  <testcase classname="vtiger.ProductsTests.CreateNewProductWithVendor" name="createProductWithVen" time="32.762"/>
  <system-out/>
</testsuite> <!-- vtiger.ProductsTests.CreateNewProductWithVendor -->
