<?xml version="1.0" encoding="UTF-8"?>
<!-- Generated by org.testng.reporters.JUnitReportReporter -->
<testsuite hostname="VinuthaLalith" failures="0" tests="1" name="vtiger.OrganisationTests.CreateOrganisationWithIndustryAndTypeTests" time="22.367" errors="0" timestamp="2023-06-01T05:26:07 GMT-04:00" skipped="0">
  <testcase classname="vtiger.OrganisationTests.CreateOrganisationWithIndustryAndTypeTests" name="createOrgWithIndusAndTypeTest" time="22.367"/>
  <system-out/>
</testsuite> <!-- vtiger.OrganisationTests.CreateOrganisationWithIndustryAndTypeTests -->
